#
# A fatal error has been detected by the Java Runtime Environment:
#
#  EXCEPTION_ACCESS_VIOLATION (0xc0000005) at pc=0x0000000024cdbd0d, pid=5596, tid=0x0000000000001038
#
# JRE version: Java(TM) SE Runtime Environment (8.0_161-b12) (build 1.8.0_161-b12)
# Java VM: Java HotSpot(TM) 64-Bit Server VM (25.161-b12 mixed mode windows-amd64 compressed oops)
# Problematic frame:
# C  [gdx-box2d64.dll+0xbd0d]
#
# Failed to write core dump. Minidumps are not enabled by default on client versions of Windows
#
# If you would like to submit a bug report, please visit:
#   http://bugreport.java.com/bugreport/crash.jsp
# The crash happened outside the Java Virtual Machine in native code.
# See problematic frame for where to report the bug.
#

---------------  T H R E A D  ---------------

Current thread (0x000000001c34e800):  JavaThread "LWJGL Application" [_thread_in_native, id=4152, stack(0x000000001cf60000,0x000000001d060000)]

siginfo: ExceptionCode=0xc0000005, reading address 0x000000021ce9f150

Registers:
RAX=0x000000021ce9f150, RBX=0x000000001ce84d30, RCX=0x000000001ce84d00, RDX=0x00000000000000b8
RSP=0x000000001d05e4d0, RBP=0x0000000000000006, RSI=0x000000001ce84d00, RDI=0x000000001d05e590
R8 =0x000000001ce84d00, R9 =0x0000000000000002, R10=0x0000000000000000, R11=0x0000000000000001
R12=0x0000000000000000, R13=0x0000000019756b00, R14=0x000000001d05e780, R15=0x000000001c34e800
RIP=0x0000000024cdbd0d, EFLAGS=0x0000000000010206

Top of Stack: (sp=0x000000001d05e4d0)
0x000000001d05e4d0:   0000000019756b00 000000001c34e800
0x000000001d05e4e0:   000000006849c198 000000001c54a300
0x000000001d05e4f0:   0000000000000012 000000001ce84d00
0x000000001d05e500:   0000000000200021 000000001d05e590
0x000000001d05e510:   000000001d05e6d8 0000000000000000
0x000000001d05e520:   0000000019756b00 0000000024cf2483
0x000000001d05e530:   000000001d05e5d0 000000001d05e5d0
0x000000001d05e540:   0000000000000003 0000000019756b00
0x000000001d05e550:   0000000000000001 0000000000200021
0x000000001d05e560:   0000000004fc835d 0000000024cf8616
0x000000001d05e570:   0000000000000000 0000000004fc835d
0x000000001d05e580:   000000001d05e6d8 0000000004fc5798
0x000000001d05e590:   be6bb46b00000002 00000000bedb261c
0x000000001d05e5a0:   0000000000000000 0000000000000000
0x000000001d05e5b0:   0000010100000000 000000001d05e701
0x000000001d05e5c0:   0000000000000000 000000003f800000 

Instructions: (pc=0x0000000024cdbd0d)
0x0000000024cdbced:   48 8d 05 6c a3 05 00 0f b6 1c 18 80 fb 0d 0f b6
0x0000000024cdbcfd:   eb 77 21 48 8d 1c de 48 8b 43 10 48 85 c0 74 3a
0x0000000024cdbd0d:   48 8b 10 48 89 53 10 48 83 c4 28 5b 5e 5f 5d 41
0x0000000024cdbd1d:   5c 41 5d c3 48 8d 15 18 9e 04 00 48 8d 0d 99 9e 


Register to memory mapping:

RAX=0x000000021ce9f150 is an unknown value
RBX=0x000000001ce84d30 is an unknown value
RCX=0x000000001ce84d00 is an unknown value
RDX=0x00000000000000b8 is an unknown value
RSP=0x000000001d05e4d0 is pointing into the stack for thread: 0x000000001c34e800
RBP=0x0000000000000006 is an unknown value
RSI=0x000000001ce84d00 is an unknown value
RDI=0x000000001d05e590 is pointing into the stack for thread: 0x000000001c34e800
R8 =0x000000001ce84d00 is an unknown value
R9 =0x0000000000000002 is an unknown value
R10=0x0000000000000000 is an unknown value
R11=0x0000000000000001 is an unknown value
R12=0x0000000000000000 is an unknown value
R13={method} {0x0000000019756b08} 'jniCreateBody' '(JIFFFFFFFFZZZZZF)J' in 'com/badlogic/gdx/physics/box2d/World'
R14=0x000000001d05e780 is pointing into the stack for thread: 0x000000001c34e800
R15=0x000000001c34e800 is a thread


Stack: [0x000000001cf60000,0x000000001d060000],  sp=0x000000001d05e4d0,  free space=1017k
Native frames: (J=compiled Java code, j=interpreted, Vv=VM code, C=native code)
C  [gdx-box2d64.dll+0xbd0d]
C  [gdx-box2d64.dll+0x22483]
C  [gdx-box2d64.dll+0x28616]
C  0x0000000004fd8c67

Java frames: (J=compiled Java code, j=interpreted, Vv=VM code)
j  com.badlogic.gdx.physics.box2d.World.jniCreateBody(JIFFFFFFFFZZZZZF)J+0
j  com.badlogic.gdx.physics.box2d.World.createBody(Lcom/badlogic/gdx/physics/box2d/BodyDef;)Lcom/badlogic/gdx/physics/box2d/Body;+80
j  com.mygdx.game.utils.BodyFactory.createCircle(Lcom/badlogic/gdx/physics/box2d/World;Lcom/badlogic/gdx/physics/box2d/BodyDef$BodyType;ZSSLcom/badlogic/gdx/math/Vector2;FZ)Lcom/badlogic/gdx/physics/box2d/Body;+81
j  com.mygdx.game.entityComponents.BodyComp.<init>(Lcom/badlogic/gdx/physics/box2d/World;Lcom/badlogic/gdx/math/Vector2;Lcom/badlogic/ashley/core/Entity;FLcom/badlogic/gdx/physics/box2d/BodyDef$BodyType;SS)V+17
j  com.mygdx.game.entites.Projectile.<init>(Lcom/badlogic/gdx/physics/box2d/World;Lcom/badlogic/ashley/core/Engine;Lcom/badlogic/ashley/core/Entity;Lcom/badlogic/gdx/math/Vector2;Lcom/mygdx/game/entityComponents/visuals/Visual;Lcom/badlogic/gdx/math/Vector2;FF)V+77
J 1101 C1 com.mygdx.game.items.Pistol.tryShoot(Lcom/badlogic/gdx/physics/box2d/World;Lcom/badlogic/ashley/core/Engine;Lcom/badlogic/gdx/graphics/Camera;)Z (159 bytes) @ 0x00000000053b37b4 [0x00000000053b17e0+0x1fd4]
J 1095 C1 com.mygdx.game.items.Gun.update(Lcom/badlogic/gdx/physics/box2d/World;Lcom/badlogic/ashley/core/Engine;Lcom/badlogic/gdx/graphics/Camera;)V (169 bytes) @ 0x00000000053ad984 [0x00000000053ad420+0x564]
J 1093 C1 com.mygdx.game.entites.Player.update(Lcom/badlogic/gdx/physics/box2d/World;Lcom/badlogic/gdx/graphics/Camera;Lcom/badlogic/ashley/core/Engine;)V (424 bytes) @ 0x00000000053aae0c [0x00000000053a8c80+0x218c]
J 1092 C1 com.mygdx.game.entites.Player$1.onUpdate(Lcom/badlogic/gdx/physics/box2d/World;Lcom/badlogic/ashley/core/Engine;Lcom/badlogic/gdx/graphics/Camera;)V (11 bytes) @ 0x00000000053a861c [0x00000000053a8580+0x9c]
J 1105 C2 com.mygdx.game.entityComponents.events.UpdateListener.handle(Lcom/badlogic/gdx/scenes/scene2d/Event;)Z (36 bytes) @ 0x00000000053b7bc0 [0x00000000053b7b60+0x60]
J 908 C1 com.mygdx.game.MyGdxGame.updateUpdateListeners()V (81 bytes) @ 0x0000000005310c2c [0x000000000530fd80+0xeac]
J 913 C1 com.mygdx.game.MyGdxGame.render()V (386 bytes) @ 0x0000000005313b0c [0x0000000005313a80+0x8c]
j  com.badlogic.gdx.backends.lwjgl.LwjglApplication.mainLoop()V+698
j  com.badlogic.gdx.backends.lwjgl.LwjglApplication$1.run()V+27
v  ~StubRoutines::call_stub

---------------  P R O C E S S  ---------------

Java Threads: ( => current thread )
  0x000000001c57c000 JavaThread "LWJGL Timer" daemon [_thread_blocked, id=4184, stack(0x0000000024d90000,0x0000000024e90000)]
  0x0000000004ec4000 JavaThread "DestroyJavaVM" [_thread_blocked, id=4524, stack(0x0000000004d10000,0x0000000004e10000)]
=>0x000000001c34e800 JavaThread "LWJGL Application" [_thread_in_native, id=4152, stack(0x000000001cf60000,0x000000001d060000)]
  0x000000001b48b000 JavaThread "Service Thread" daemon [_thread_blocked, id=5416, stack(0x000000001b860000,0x000000001b960000)]
  0x0000000019b07000 JavaThread "C1 CompilerThread2" daemon [_thread_blocked, id=7532, stack(0x000000001b360000,0x000000001b460000)]
  0x0000000019af2800 JavaThread "C2 CompilerThread1" daemon [_thread_blocked, id=9672, stack(0x000000001b260000,0x000000001b360000)]
  0x0000000019aee800 JavaThread "C2 CompilerThread0" daemon [_thread_blocked, id=5648, stack(0x000000001b160000,0x000000001b260000)]
  0x0000000019aec800 JavaThread "Attach Listener" daemon [_thread_blocked, id=8184, stack(0x000000001b060000,0x000000001b160000)]
  0x0000000019af7800 JavaThread "Signal Dispatcher" daemon [_thread_blocked, id=11152, stack(0x000000001af60000,0x000000001b060000)]
  0x0000000004fbe000 JavaThread "Finalizer" daemon [_thread_blocked, id=11084, stack(0x000000001ad40000,0x000000001ae40000)]
  0x0000000004fb3000 JavaThread "Reference Handler" daemon [_thread_blocked, id=4172, stack(0x000000001ac40000,0x000000001ad40000)]

Other Threads:
  0x0000000019ab8000 VMThread [stack: 0x000000001ab40000,0x000000001ac40000] [id=7852]
  0x000000001b4b4000 WatcherThread [stack: 0x000000001bd20000,0x000000001be20000] [id=5796]

VM state:not at safepoint (normal execution)

VM Mutex/Monitor currently owned by a thread: None

Heap:
 PSYoungGen      total 38400K, used 22639K [0x00000000d5f00000, 0x00000000d8980000, 0x0000000100000000)
  eden space 33280K, 68% used [0x00000000d5f00000,0x00000000d751bc58,0x00000000d7f80000)
  from space 5120K, 0% used [0x00000000d8480000,0x00000000d8480000,0x00000000d8980000)
  to   space 5120K, 0% used [0x00000000d7f80000,0x00000000d7f80000,0x00000000d8480000)
 ParOldGen       total 87552K, used 0K [0x0000000081c00000, 0x0000000087180000, 0x00000000d5f00000)
  object space 87552K, 0% used [0x0000000081c00000,0x0000000081c00000,0x0000000087180000)
 Metaspace       used 7684K, capacity 7899K, committed 8064K, reserved 1056768K
  class space    used 743K, capacity 792K, committed 896K, reserved 1048576K

Card table byte_map: [0x0000000014380000,0x0000000014780000] byte_map_base: 0x0000000013f72000

Marking Bits: (ParMarkBitMap*) 0x000000006867f860
 Begin Bits: [0x0000000014e30000, 0x0000000016dc0000)
 End Bits:   [0x0000000016dc0000, 0x0000000018d50000)

Polling page: 0x00000000032e0000

CodeCache: size=245760Kb used=4321Kb max_used=4321Kb free=241438Kb
 bounds [0x0000000004fc0000, 0x0000000005410000, 0x0000000013fc0000]
 total_blobs=1670 nmethods=1182 adapters=401
 compilation: enabled

Compilation events (10 events):
Event: 18.202 Thread 0x0000000019aee800 nmethod 1177 0x00000000053f39d0 code [0x00000000053f3d00, 0x00000000053f5478]
Event: 18.226 Thread 0x0000000019af2800 nmethod 1176 0x00000000053f74d0 code [0x00000000053f78a0, 0x00000000053f99c8]
Event: 18.431 Thread 0x0000000019aee800 1179       4       java.nio.DirectIntBufferU::get (16 bytes)
Event: 18.433 Thread 0x0000000019aee800 nmethod 1179 0x00000000053d3f90 code [0x00000000053d40c0, 0x00000000053d4158]
Event: 18.631 Thread 0x0000000019af2800 1180       4       com.badlogic.gdx.graphics.g2d.Sprite::translate (95 bytes)
Event: 18.633 Thread 0x0000000019af2800 nmethod 1180 0x00000000053f1950 code [0x00000000053f1a80, 0x00000000053f1b78]
Event: 18.799 Thread 0x0000000019b07000 1181       3       sun.misc.URLClassPath::findResource (47 bytes)
Event: 18.800 Thread 0x0000000019b07000 nmethod 1181 0x00000000053f2a50 code [0x00000000053f2be0, 0x00000000053f2fa8]
Event: 18.800 Thread 0x0000000019b07000 1182       3       java.io.WinNTFileSystem::normalizePrefix (132 bytes)
Event: 18.803 Thread 0x0000000019b07000 nmethod 1182 0x00000000053fcb50 code [0x00000000053fcee0, 0x00000000053ff4c8]

GC Heap History (0 events):
No events

Deoptimization events (2 events):
Event: 0.181 Thread 0x0000000004ec4000 Uncommon trap: reason=unstable_if action=reinterpret pc=0x00000000050dab38 method=java.lang.String.hashCode()I @ 14
Event: 8.548 Thread 0x000000001c34e800 Uncommon trap: reason=unstable_if action=reinterpret pc=0x000000000533aa68 method=com.badlogic.gdx.utils.Array.add(Ljava/lang/Object;)V @ 11

Classes redefined (0 events):
No events

Internal exceptions (10 events):
Event: 0.270 Thread 0x0000000004ec4000 Exception <a 'java/security/PrivilegedActionException'> (0x00000000d6275b20) thrown at [C:\re\workspace\8-2-build-windows-amd64-cygwin\jdk8u161\10277\hotspot\src\share\vm\prims\jvm.cpp, line 1390]
Event: 0.270 Thread 0x0000000004ec4000 Exception <a 'java/security/PrivilegedActionException'> (0x00000000d6275d30) thrown at [C:\re\workspace\8-2-build-windows-amd64-cygwin\jdk8u161\10277\hotspot\src\share\vm\prims\jvm.cpp, line 1390]
Event: 0.270 Thread 0x0000000004ec4000 Exception <a 'java/security/PrivilegedActionException'> (0x00000000d62799a0) thrown at [C:\re\workspace\8-2-build-windows-amd64-cygwin\jdk8u161\10277\hotspot\src\share\vm\prims\jvm.cpp, line 1390]
Event: 0.270 Thread 0x0000000004ec4000 Exception <a 'java/security/PrivilegedActionException'> (0x00000000d6279bb0) thrown at [C:\re\workspace\8-2-build-windows-amd64-cygwin\jdk8u161\10277\hotspot\src\share\vm\prims\jvm.cpp, line 1390]
Event: 0.475 Thread 0x0000000004ec4000 Exception <a 'java/security/PrivilegedActionException'> (0x00000000d6458750) thrown at [C:\re\workspace\8-2-build-windows-amd64-cygwin\jdk8u161\10277\hotspot\src\share\vm\prims\jvm.cpp, line 1390]
Event: 0.475 Thread 0x0000000004ec4000 Exception <a 'java/security/PrivilegedActionException'> (0x00000000d645a428) thrown at [C:\re\workspace\8-2-build-windows-amd64-cygwin\jdk8u161\10277\hotspot\src\share\vm\prims\jvm.cpp, line 1390]
Event: 0.475 Thread 0x0000000004ec4000 Exception <a 'java/security/PrivilegedActionException'> (0x00000000d645b598) thrown at [C:\re\workspace\8-2-build-windows-amd64-cygwin\jdk8u161\10277\hotspot\src\share\vm\prims\jvm.cpp, line 1390]
Event: 0.475 Thread 0x0000000004ec4000 Exception <a 'java/security/PrivilegedActionException'> (0x00000000d6460700) thrown at [C:\re\workspace\8-2-build-windows-amd64-cygwin\jdk8u161\10277\hotspot\src\share\vm\prims\jvm.cpp, line 1390]
Event: 0.475 Thread 0x0000000004ec4000 Exception <a 'java/security/PrivilegedActionException'> (0x00000000d6461358) thrown at [C:\re\workspace\8-2-build-windows-amd64-cygwin\jdk8u161\10277\hotspot\src\share\vm\prims\jvm.cpp, line 1390]
Event: 0.475 Thread 0x0000000004ec4000 Exception <a 'java/security/PrivilegedActionException'> (0x00000000d6461f80) thrown at [C:\re\workspace\8-2-build-windows-amd64-cygwin\jdk8u161\10277\hotspot\src\share\vm\prims\jvm.cpp, line 1390]

Events (10 events):
Event: 4.234 loading class com/mygdx/game/entites/Projectile$1 done
Event: 4.283 loading class com/mygdx/game/entityComponents/misc/BodyDeleteFlag
Event: 4.283 loading class com/mygdx/game/entityComponents/misc/BodyDeleteFlag done
Event: 6.282 Thread 0x000000001c34e800 DEOPT PACKING pc=0x0000000005252899 sp=0x000000001d05ed80
Event: 6.282 Thread 0x000000001c34e800 DEOPT UNPACKING pc=0x0000000005007890 sp=0x000000001d05ea90 mode 0
Event: 8.548 Thread 0x000000001c34e800 Uncommon trap: trap_request=0xffffff65 fr.pc=0x000000000533aa68
Event: 8.548 Thread 0x000000001c34e800 DEOPT PACKING pc=0x000000000533aa68 sp=0x000000001d05e8b0
Event: 8.548 Thread 0x000000001c34e800 DEOPT UNPACKING pc=0x000000000500583b sp=0x000000001d05e858 mode 2
Event: 13.481 Thread 0x000000001c34e800 DEOPT PACKING pc=0x00000000052e30df sp=0x000000001d05ef30
Event: 13.481 Thread 0x000000001c34e800 DEOPT UNPACKING pc=0x0000000005007890 sp=0x000000001d05ed38 mode 0


Dynamic libraries:
0x00007ff71d900000 - 0x00007ff71d937000 	C:\Program Files\Java\jre1.8.0_161\bin\javaw.exe
0x00007ffd47f00000 - 0x00007ffd480e0000 	C:\WINDOWS\SYSTEM32\ntdll.dll
0x00007ffd47700000 - 0x00007ffd477ae000 	C:\WINDOWS\System32\KERNEL32.DLL
0x00007ffd443a0000 - 0x00007ffd44606000 	C:\WINDOWS\System32\KERNELBASE.dll
0x00007ffd47b80000 - 0x00007ffd47c21000 	C:\WINDOWS\System32\ADVAPI32.dll
0x00007ffd47660000 - 0x00007ffd476fd000 	C:\WINDOWS\System32\msvcrt.dll
0x00007ffd46de0000 - 0x00007ffd46e3b000 	C:\WINDOWS\System32\sechost.dll
0x00007ffd45550000 - 0x00007ffd4566f000 	C:\WINDOWS\System32\RPCRT4.dll
0x00007ffd47d20000 - 0x00007ffd47eaf000 	C:\WINDOWS\System32\USER32.dll
0x00007ffd453b0000 - 0x00007ffd453d0000 	C:\WINDOWS\System32\win32u.dll
0x00007ffd45520000 - 0x00007ffd45548000 	C:\WINDOWS\System32\GDI32.dll
0x00007ffd45160000 - 0x00007ffd452f3000 	C:\WINDOWS\System32\gdi32full.dll
0x00007ffd44300000 - 0x00007ffd4439b000 	C:\WINDOWS\System32\msvcp_win.dll
0x00007ffd45000000 - 0x00007ffd450f6000 	C:\WINDOWS\System32\ucrtbase.dll
0x00007ffd38b50000 - 0x00007ffd38db9000 	C:\WINDOWS\WinSxS\amd64_microsoft.windows.common-controls_6595b64144ccf1df_6.0.16299.371_none_15c7d1789365a290\COMCTL32.dll
0x00007ffd477b0000 - 0x00007ffd47ab8000 	C:\WINDOWS\System32\combase.dll
0x00007ffd44d60000 - 0x00007ffd44dd2000 	C:\WINDOWS\System32\bcryptPrimitives.dll
0x00007ffd46f60000 - 0x00007ffd46f8d000 	C:\WINDOWS\System32\IMM32.DLL
0x0000000067bb0000 - 0x0000000067c82000 	C:\Program Files\Java\jre1.8.0_161\bin\msvcr100.dll
0x0000000067e60000 - 0x00000000686ff000 	C:\Program Files\Java\jre1.8.0_161\bin\server\jvm.dll
0x00007ffd47ac0000 - 0x00007ffd47ac8000 	C:\WINDOWS\System32\PSAPI.DLL
0x00007ffd34e50000 - 0x00007ffd34e59000 	C:\WINDOWS\SYSTEM32\WSOCK32.dll
0x00007ffd47550000 - 0x00007ffd475bc000 	C:\WINDOWS\System32\WS2_32.dll
0x00007ffd401d0000 - 0x00007ffd401f3000 	C:\WINDOWS\SYSTEM32\WINMM.dll
0x00007ffd3d140000 - 0x00007ffd3d14a000 	C:\WINDOWS\SYSTEM32\VERSION.dll
0x00007ffd40170000 - 0x00007ffd4019a000 	C:\WINDOWS\SYSTEM32\WINMMBASE.dll
0x00007ffd44de0000 - 0x00007ffd44e2a000 	C:\WINDOWS\System32\cfgmgr32.dll
0x0000000067d70000 - 0x0000000067d7f000 	C:\Program Files\Java\jre1.8.0_161\bin\verify.dll
0x0000000067d40000 - 0x0000000067d69000 	C:\Program Files\Java\jre1.8.0_161\bin\java.dll
0x0000000067d20000 - 0x0000000067d36000 	C:\Program Files\Java\jre1.8.0_161\bin\zip.dll
0x00007ffd457a0000 - 0x00007ffd46bd6000 	C:\WINDOWS\System32\SHELL32.dll
0x00007ffd47ad0000 - 0x00007ffd47b76000 	C:\WINDOWS\System32\shcore.dll
0x00007ffd44610000 - 0x00007ffd44d57000 	C:\WINDOWS\System32\windows.storage.dll
0x00007ffd45670000 - 0x00007ffd456c1000 	C:\WINDOWS\System32\shlwapi.dll
0x00007ffd44270000 - 0x00007ffd44281000 	C:\WINDOWS\System32\kernel.appcore.dll
0x00007ffd442b0000 - 0x00007ffd442fc000 	C:\WINDOWS\System32\powrprof.dll
0x00007ffd44250000 - 0x00007ffd4426b000 	C:\WINDOWS\System32\profapi.dll
0x0000000065580000 - 0x0000000065616000 	C:\Users\ICH\AppData\Local\Temp\libgdxICH\12dfaa03\gdx64.dll
0x00007ffd43cb0000 - 0x00007ffd43cc7000 	C:\WINDOWS\SYSTEM32\CRYPTSP.dll
0x00007ffd436e0000 - 0x00007ffd43713000 	C:\WINDOWS\system32\rsaenh.dll
0x00007ffd43db0000 - 0x00007ffd43dd5000 	C:\WINDOWS\SYSTEM32\bcrypt.dll
0x00007ffd44150000 - 0x00007ffd44179000 	C:\WINDOWS\SYSTEM32\USERENV.dll
0x00007ffd43ca0000 - 0x00007ffd43cab000 	C:\WINDOWS\SYSTEM32\CRYPTBASE.dll
0x0000000067d00000 - 0x0000000067d1a000 	C:\Program Files\Java\jre1.8.0_161\bin\net.dll
0x00007ffd43ae0000 - 0x00007ffd43b46000 	C:\WINDOWS\system32\mswsock.dll
0x00007ffd43870000 - 0x00007ffd438a9000 	C:\WINDOWS\SYSTEM32\IPHLPAPI.DLL
0x00007ffd47d10000 - 0x00007ffd47d18000 	C:\WINDOWS\System32\NSI.dll
0x00007ffd3cec0000 - 0x00007ffd3ced6000 	C:\WINDOWS\SYSTEM32\dhcpcsvc6.DLL
0x00007ffd3d1e0000 - 0x00007ffd3d1fa000 	C:\WINDOWS\SYSTEM32\dhcpcsvc.DLL
0x0000000067ce0000 - 0x0000000067cf1000 	C:\Program Files\Java\jre1.8.0_161\bin\nio.dll
0x0000000180000000 - 0x0000000180053000 	C:\Users\ICH\AppData\Local\Temp\libgdxICH\dc0f0009\lwjgl64.dll
0x00007ffd2c940000 - 0x00007ffd2ca5e000 	C:\WINDOWS\SYSTEM32\OPENGL32.dll
0x00007ffd32300000 - 0x00007ffd3232c000 	C:\WINDOWS\SYSTEM32\GLU32.dll
0x0000000004c60000 - 0x0000000004cc4000 	C:\Users\ICH\AppData\Local\Temp\libgdxICH\dc0f0009\OpenAL64.dll
0x00007ffd453d0000 - 0x00007ffd45519000 	C:\WINDOWS\System32\ole32.dll
0x00007ffd42810000 - 0x00007ffd428a5000 	C:\WINDOWS\system32\uxtheme.dll
0x00007ffd475c0000 - 0x00007ffd4765e000 	C:\WINDOWS\System32\clbcatq.dll
0x00007ffd3fcf0000 - 0x00007ffd3fea1000 	C:\WINDOWS\System32\PROPSYS.dll
0x00007ffd456d0000 - 0x00007ffd45795000 	C:\WINDOWS\System32\OLEAUT32.dll
0x00007ffd26280000 - 0x00007ffd2630f000 	C:\WINDOWS\SYSTEM32\dsound.dll
0x00007ffd3c890000 - 0x00007ffd3c8ff000 	C:\WINDOWS\System32\MMDevApi.dll
0x00007ffd44060000 - 0x00007ffd44087000 	C:\WINDOWS\System32\DEVOBJ.dll
0x00007ffd1cad0000 - 0x00007ffd1cbf2000 	C:\WINDOWS\SYSTEM32\AUDIOSES.DLL
0x00007ffd40c70000 - 0x00007ffd40da6000 	C:\WINDOWS\SYSTEM32\wintypes.dll
0x00007ffd400a0000 - 0x00007ffd400aa000 	C:\WINDOWS\SYSTEM32\AVRT.dll
0x00007ffd473e0000 - 0x00007ffd47547000 	C:\WINDOWS\System32\MSCTF.dll
0x00007ffd42ad0000 - 0x00007ffd42afa000 	C:\WINDOWS\system32\dwmapi.dll
0x00007ffd35120000 - 0x00007ffd351b8000 	C:\WINDOWS\System32\TextInputFramework.dll
0x00007ffd3d280000 - 0x00007ffd3d56e000 	C:\WINDOWS\System32\CoreUIComponents.dll
0x00007ffd420d0000 - 0x00007ffd421ac000 	C:\WINDOWS\System32\CoreMessaging.dll
0x00007ffd43380000 - 0x00007ffd433b1000 	C:\WINDOWS\SYSTEM32\ntmarta.dll
0x00000000656a0000 - 0x000000006789a000 	C:\WINDOWS\SYSTEM32\nvoglv64.DLL
0x00007ffd46f90000 - 0x00007ffd473de000 	C:\WINDOWS\System32\SETUPAPI.dll
0x00007ffd3fa70000 - 0x00007ffd3fa83000 	C:\WINDOWS\SYSTEM32\WTSAPI32.dll
0x00007ffd45100000 - 0x00007ffd45158000 	C:\WINDOWS\System32\WINTRUST.dll
0x00007ffd44290000 - 0x00007ffd442a2000 	C:\WINDOWS\System32\MSASN1.dll
0x00007ffd44e30000 - 0x00007ffd44ffe000 	C:\WINDOWS\System32\CRYPT32.dll
0x00007ffd3b6f0000 - 0x00007ffd3b787000 	C:\WINDOWS\SYSTEM32\mscms.dll
0x00007ffd1eba0000 - 0x00007ffd1ebe1000 	C:\WINDOWS\SYSTEM32\icm32.dll
0x00007ffd43420000 - 0x00007ffd43475000 	C:\WINDOWS\SYSTEM32\WINSTA.dll
0x00007ffd430b0000 - 0x00007ffd4315f000 	C:\WINDOWS\system32\dxgi.dll
0x00007ffd41820000 - 0x00007ffd41b02000 	C:\WINDOWS\system32\d3d11.dll
0x00007ffd47eb0000 - 0x00007ffd47ecd000 	C:\WINDOWS\System32\imagehlp.dll
0x00007ffd03560000 - 0x00007ffd04d43000 	C:\WINDOWS\System32\DriverStore\FileRepository\nvpmwu.inf_amd64_f2045d1eeb288d10\nvwgf2umx.dll
0x00007ffd35440000 - 0x00007ffd35861000 	C:\WINDOWS\system32\nvapi64.dll
0x0000000024cd0000 - 0x0000000024d8b000 	C:\Users\ICH\AppData\Local\Temp\libgdxICH\54593449\gdx-box2d64.dll
0x00007ffd1bfa0000 - 0x00007ffd1c07f000 	C:\WINDOWS\System32\DriverStore\FileRepository\nvpmwu.inf_amd64_f2045d1eeb288d10\nvldumdx.dll
0x00007ffd320e0000 - 0x00007ffd322a8000 	C:\WINDOWS\SYSTEM32\dbghelp.dll

VM Arguments:
jvm_args: -Dfile.encoding=UTF-8 
java_command: com.mygdx.game.desktop.DesktopLauncher
java_class_path (initial): C:\Program Files\Java\jre1.8.0_161\lib\resources.jar;C:\Program Files\Java\jre1.8.0_161\lib\rt.jar;C:\Program Files\Java\jre1.8.0_161\lib\jsse.jar;C:\Program Files\Java\jre1.8.0_161\lib\jce.jar;C:\Program Files\Java\jre1.8.0_161\lib\charsets.jar;C:\Program Files\Java\jre1.8.0_161\lib\jfr.jar;C:\Program Files\Java\jre1.8.0_161\lib\ext\access-bridge-64.jar;C:\Program Files\Java\jre1.8.0_161\lib\ext\cldrdata.jar;C:\Program Files\Java\jre1.8.0_161\lib\ext\dnsns.jar;C:\Program Files\Java\jre1.8.0_161\lib\ext\jaccess.jar;C:\Program Files\Java\jre1.8.0_161\lib\ext\jfxrt.jar;C:\Program Files\Java\jre1.8.0_161\lib\ext\localedata.jar;C:\Program Files\Java\jre1.8.0_161\lib\ext\nashorn.jar;C:\Program Files\Java\jre1.8.0_161\lib\ext\sunec.jar;C:\Program Files\Java\jre1.8.0_161\lib\ext\sunjce_provider.jar;C:\Program Files\Java\jre1.8.0_161\lib\ext\sunmscapi.jar;C:\Program Files\Java\jre1.8.0_161\lib\ext\sunpkcs11.jar;C:\Program Files\Java\jre1.8.0_161\lib\ext\zipfs.jar;C:\Users\ICH\Documents\GitHub\ShooterGame\desktop\bin;C:\Users\ICH\Documents\GitHub\ShooterGame\core\bin;C:\Users\ICH\Documents\GitHub\ShooterGame\core\libs\modules-2\files-2.1\com.badlogicgames.gdx\gdx\1.9.8\a35a0076fbce873f9c2d5a1a1c8066244231bb3c\gdx-1.9.8.jar;C:\Users\ICH\Documents\GitHub\ShooterGame\core\libs\modules-2\files-2.1\com.badlogicgames.gdx\gdx-box2d\1.9.8\6f0497b7958216464101adfb7bdc3a0f7b88d6d3\gdx-box2d-1.9.8.jar;C:\Users\ICH\Documents\GitHub\ShooterGame\core\libs\modules-2\files-2.1\com.badlogicgames.box2dlights\box2dlights\1.4\3d77ad5b4164fb32fc67e2446e35911bb0aaf0bd\box2dlights-1.4.jar;C:\Users\ICH\Documents\GitHub\ShooterGame\core\libs\modules-2\files-2.1\com.badlogicgames.gdx\gdx-ai\1.8.0\ec30677d8ab1a8b8aa4b853c5f4e4b1361f50bf5\gdx-ai-1.8.0.jar;C:\Users\ICH\Documents\GitHub\ShooterGame\core\libs\modules-2\files-2.1\com.badlogicgames.ashley\ashley\1.7.0\a7c4083c0a42027a3c03ba7ccecef6cbe1c5f0a4\ashley-1.7.0.jar;C:\Users\ICH\Documents\GitHub\ShooterGame\core\libs\mo
Launcher Type: SUN_STANDARD

Environment Variables:
PATH=C:/Program Files/Java/jre1.8.0_161/bin/server;C:/Program Files/Java/jre1.8.0_161/bin;C:/Program Files/Java/jre1.8.0_161/lib/amd64;C:\ProgramData\Oracle\Java\javapath;C:\Windows\system32;C:\Windows;C:\Windows\System32\Wbem;C:\Windows\System32\WindowsPowerShell\v1.0\;C:\Program Files\Common Files\Autodesk Shared\;C:\Program Files (x86)\GtkSharp\2.12\bin;C:\Program Files (x86)\NVIDIA Corporation\PhysX\Common;C:\WINDOWS\system32;C:\WINDOWS;C:\WINDOWS\System32\Wbem;C:\WINDOWS\System32\WindowsPowerShell\v1.0\;c:\Python27\;C:\xampp\mysql\bin;C:\xampp\php;C:\ProgramData\ComposerSetup\bin;C:\Program Files\Microsoft SQL Server\130\Tools\Binn\;C:\Program Files\PuTTY\;C:\ProgramData\Oracle\Java\javapath;C:\Windows\system32;C:\Windows;C:\Windows\System32\Wbem;C:\Windows\System32\WindowsPowerShell\v1.0\;C:\Program Files\Common Files\Autodesk Shared\;C:\Program Files (x86)\GtkSharp\2.12\bin;C:\Program Files (x86)\NVIDIA Corporation\PhysX\Common;C:\WINDOWS\system32;C:\WINDOWS;C:\WINDOWS\System32\Wbem;C:\WINDOWS\System32\WindowsPowerShell\v1.0\;c:\Python27\;C:\xampp\mysql\bin;C:\xampp\php;C:\ProgramData\ComposerSetup\bin;C:\Program Files\Microsoft SQL Server\130\Tools\Binn\;C:\Program Files\PuTTY\;C:\Users\ICH\AppData\Local\Microsoft\WindowsApps;C:\Users\ICH\AppData\Local\ComposerSetup\bin;C:\Users\ICH\AppData\Roaming\Composer\vendor\bin;C:\Users\ICH\AppData\Local\GitHubDesktop\bin;C:\Portable\eclipse;
USERNAME=ICH
OS=Windows_NT
PROCESSOR_IDENTIFIER=Intel64 Family 6 Model 78 Stepping 3, GenuineIntel



---------------  S Y S T E M  ---------------

OS: Windows 10.0 , 64 bit Build 16299 (10.0.16299.15)

CPU:total 4 (initial active 4) (2 cores per cpu, 2 threads per core) family 6 model 78 stepping 3, cmov, cx8, fxsr, mmx, sse, sse2, sse3, ssse3, sse4.1, sse4.2, popcnt, avx, avx2, aes, clmul, erms, 3dnowpref, lzcnt, ht, tsc, tscinvbit, bmi1, bmi2, adx

Memory: 4k page, physical 8267916k(2941360k free), swap 9578636k(3437620k free)

vm_info: Java HotSpot(TM) 64-Bit Server VM (25.161-b12) for windows-amd64 JRE (1.8.0_161-b12), built on Dec 19 2017 17:52:25 by "java_re" with MS VC++ 10.0 (VS2010)

time: Fri May 04 11:18:26 2018
elapsed time: 27 seconds (0d 0h 0m 27s)

